Arguments: 
  /opt/homebrew/Cellar/node/20.0.0/bin/node /opt/homebrew/bin/yarn

PATH: 
  /Users/william/.local/share/fig/plugins/git-open:/Users/william/bin:/Users/william/.cargo/bin:/opt/homebrew/bin:/opt/homebrew/sbin:/usr/local/bin:/usr/bin:/bin:/usr/sbin:/sbin:/usr/local/MacGPG2/bin:/usr/local/share/dotnet:~/.dotnet/tools:/Library/Apple/usr/bin:/Library/Frameworks/Mono.framework/Versions/Current/Commands:/Users/william/.local/share/fig/plugins/git-open:/Users/william/bin:/Users/william/.cargo/bin:/opt/homebrew/bin:/opt/homebrew/sbin:/Users/william/.fig/bin:/Users/william/.local/bin:/Users/william/go/bin:/bin:/Users/william/go/bin

Yarn version: 
  1.22.18

Node version: 
  20.0.0

Platform: 
  darwin arm64

Trace: 
  Error: https://registry.yarnpkg.com/vscode-languageserver%2fnode: Request "https://registry.yarnpkg.com/vscode-languageserver%2fnode" returned a 405
      at params.callback [as _callback] (/opt/homebrew/lib/node_modules/yarn/lib/cli.js:66147:18)
      at self.callback (/opt/homebrew/lib/node_modules/yarn/lib/cli.js:140883:22)
      at Request.emit (node:events:511:28)
      at Request.<anonymous> (/opt/homebrew/lib/node_modules/yarn/lib/cli.js:141855:10)
      at Request.emit (node:events:511:28)
      at IncomingMessage.<anonymous> (/opt/homebrew/lib/node_modules/yarn/lib/cli.js:141777:12)
      at Object.onceWrapper (node:events:625:28)
      at IncomingMessage.emit (node:events:523:35)
      at endReadableNT (node:internal/streams/readable:1367:12)
      at process.processTicksAndRejections (node:internal/process/task_queues:82:21)

npm manifest: 
  {
    "name": "vscode-cwscript-server",
    "version": "1.0.0",
    "main": "index.js",
    "author": "William Chen",
    "license": "MIT",
    "dependencies": {
      "vscode-languageserver/node": "^5.3.0",
      "vscode-languageserver-textdocument": "^1.0.0"
    }
  }

yarn manifest: 
  No manifest

Lockfile: 
  No lockfile
